Logfile initialized
[INFO] logfile = /Users/maneeshmadan/Documents/Titanium Studio Workspace/social-login-app/build.log
[DEBUG] /Users/maneeshmadan/Library/Application Support/Titanium/mobilesdk/osx/2.0.2.GA/android/builder.py simulator social-login-app /Users/maneeshmadan/Desktop/andriod /Users/maneeshmadan/Documents/Titanium Studio Workspace/social-login-app com.socialLoginApp 16 WVGA854 
[INFO] Building social-login-app for Android ... one moment
[INFO] Titanium SDK version: 2.0.2 (05/30/12 10:21 2ff31a3)
[DEBUG] Waiting for device to be ready ...
[TRACE] adb devices returned 1 devices/emulators
[DEBUG] Device connected... (waited 0 seconds)
[DEBUG] waited 0.015828 seconds on emulator to get ready
[DEBUG] com.socialLoginApp installed? False
[INFO] Fastdev server running, deploying in Fastdev mode
[INFO] Copying CommonJS modules...
[INFO] Copying project resources..
[INFO] Detected change in tiapp.xml, or assets deleted. Forcing full re-build...
[TRACE] COPYING CREATED FILE: /Users/maneeshmadan/Documents/Titanium Studio Workspace/social-login-app/Resources/android/appicon.png => /Users/maneeshmadan/Documents/Titanium Studio Workspace/social-login-app/build/android/bin/assets/Resources/appicon.png
[TRACE] COPYING CREATED FILE: /Users/maneeshmadan/Documents/Titanium Studio Workspace/social-login-app/Resources/android/default.png => /Users/maneeshmadan/Documents/Titanium Studio Workspace/social-login-app/build/android/bin/assets/Resources/default.png
[TRACE] COPYING CREATED FILE: /Users/maneeshmadan/Documents/Titanium Studio Workspace/social-login-app/Resources/app.js => /Users/maneeshmadan/Documents/Titanium Studio Workspace/social-login-app/build/android/bin/assets/Resources/app.js
[TRACE] COPYING CREATED FILE: /Users/maneeshmadan/Documents/Titanium Studio Workspace/social-login-app/Resources/common/checkWindow.js => /Users/maneeshmadan/Documents/Titanium Studio Workspace/social-login-app/build/android/bin/assets/Resources/common/checkWindow.js
[TRACE] COPYING CREATED FILE: /Users/maneeshmadan/Documents/Titanium Studio Workspace/social-login-app/Resources/facebook/fbWindow.js => /Users/maneeshmadan/Documents/Titanium Studio Workspace/social-login-app/build/android/bin/assets/Resources/facebook/fbWindow.js
[TRACE] COPYING CREATED FILE: /Users/maneeshmadan/Documents/Titanium Studio Workspace/social-login-app/Resources/KS_nav_ui.png => /Users/maneeshmadan/Documents/Titanium Studio Workspace/social-login-app/build/android/bin/assets/Resources/KS_nav_ui.png
[TRACE] COPYING CREATED FILE: /Users/maneeshmadan/Documents/Titanium Studio Workspace/social-login-app/Resources/KS_nav_views.png => /Users/maneeshmadan/Documents/Titanium Studio Workspace/social-login-app/build/android/bin/assets/Resources/KS_nav_views.png
[TRACE] COPYING CREATED FILE: /Users/maneeshmadan/Documents/Titanium Studio Workspace/social-login-app/Resources/lib/oauth.js => /Users/maneeshmadan/Documents/Titanium Studio Workspace/social-login-app/build/android/bin/assets/Resources/lib/oauth.js
[TRACE] COPYING CREATED FILE: /Users/maneeshmadan/Documents/Titanium Studio Workspace/social-login-app/Resources/lib/sha1.js => /Users/maneeshmadan/Documents/Titanium Studio Workspace/social-login-app/build/android/bin/assets/Resources/lib/sha1.js
[TRACE] COPYING CREATED FILE: /Users/maneeshmadan/Documents/Titanium Studio Workspace/social-login-app/Resources/lib/underscore.js => /Users/maneeshmadan/Documents/Titanium Studio Workspace/social-login-app/build/android/bin/assets/Resources/lib/underscore.js
[TRACE] COPYING CREATED FILE: /Users/maneeshmadan/Documents/Titanium Studio Workspace/social-login-app/Resources/linkedin/linkedinWindow.js => /Users/maneeshmadan/Documents/Titanium Studio Workspace/social-login-app/build/android/bin/assets/Resources/linkedin/linkedinWindow.js
[TRACE] COPYING CREATED FILE: /Users/maneeshmadan/Documents/Titanium Studio Workspace/social-login-app/Resources/twitter/twitterWindow.js => /Users/maneeshmadan/Documents/Titanium Studio Workspace/social-login-app/build/android/bin/assets/Resources/twitter/twitterWindow.js
[TRACE] COPYING CREATED FILE: /Users/maneeshmadan/Documents/Titanium Studio Workspace/social-login-app/Resources/ui/spinner.js => /Users/maneeshmadan/Documents/Titanium Studio Workspace/social-login-app/build/android/bin/assets/Resources/ui/spinner.js
[TRACE] COPYING CREATED FILE: /Users/maneeshmadan/Documents/Titanium Studio Workspace/social-login-app/Resources/ui/ui.js => /Users/maneeshmadan/Documents/Titanium Studio Workspace/social-login-app/build/android/bin/assets/Resources/ui/ui.js
[TRACE] Generating Java Classes
[DEBUG] Processing Android resource drawables
[TRACE] COPYING FILE: /Users/maneeshmadan/Documents/Titanium Studio Workspace/social-login-app/Resources/android/images/res-long-land-hdpi/default.png => /Users/maneeshmadan/Documents/Titanium Studio Workspace/social-login-app/build/android/res/drawable-long-land-hdpi/default_d44e27d97b.png
[TRACE] COPYING FILE: /Users/maneeshmadan/Documents/Titanium Studio Workspace/social-login-app/Resources/android/images/res-long-land-ldpi/default.png => /Users/maneeshmadan/Documents/Titanium Studio Workspace/social-login-app/build/android/res/drawable-long-land-ldpi/default_d44e27d97b.png
[TRACE] COPYING FILE: /Users/maneeshmadan/Documents/Titanium Studio Workspace/social-login-app/Resources/android/images/res-long-port-hdpi/default.png => /Users/maneeshmadan/Documents/Titanium Studio Workspace/social-login-app/build/android/res/drawable-long-port-hdpi/default_d44e27d97b.png
[TRACE] COPYING FILE: /Users/maneeshmadan/Documents/Titanium Studio Workspace/social-login-app/Resources/android/images/res-long-port-ldpi/default.png => /Users/maneeshmadan/Documents/Titanium Studio Workspace/social-login-app/build/android/res/drawable-long-port-ldpi/default_d44e27d97b.png
[TRACE] COPYING FILE: /Users/maneeshmadan/Documents/Titanium Studio Workspace/social-login-app/Resources/android/images/res-notlong-land-hdpi/default.png => /Users/maneeshmadan/Documents/Titanium Studio Workspace/social-login-app/build/android/res/drawable-notlong-land-hdpi/default_d44e27d97b.png
[TRACE] COPYING FILE: /Users/maneeshmadan/Documents/Titanium Studio Workspace/social-login-app/Resources/android/images/res-notlong-land-ldpi/default.png => /Users/maneeshmadan/Documents/Titanium Studio Workspace/social-login-app/build/android/res/drawable-notlong-land-ldpi/default_d44e27d97b.png
[TRACE] COPYING FILE: /Users/maneeshmadan/Documents/Titanium Studio Workspace/social-login-app/Resources/android/images/res-notlong-land-mdpi/default.png => /Users/maneeshmadan/Documents/Titanium Studio Workspace/social-login-app/build/android/res/drawable-notlong-land-mdpi/default_d44e27d97b.png
[TRACE] COPYING FILE: /Users/maneeshmadan/Documents/Titanium Studio Workspace/social-login-app/Resources/android/images/res-notlong-port-hdpi/default.png => /Users/maneeshmadan/Documents/Titanium Studio Workspace/social-login-app/build/android/res/drawable-notlong-port-hdpi/default_d44e27d97b.png
[TRACE] COPYING FILE: /Users/maneeshmadan/Documents/Titanium Studio Workspace/social-login-app/Resources/android/images/res-notlong-port-ldpi/default.png => /Users/maneeshmadan/Documents/Titanium Studio Workspace/social-login-app/build/android/res/drawable-notlong-port-ldpi/default_d44e27d97b.png
[TRACE] COPYING FILE: /Users/maneeshmadan/Documents/Titanium Studio Workspace/social-login-app/Resources/android/images/res-notlong-port-mdpi/default.png => /Users/maneeshmadan/Documents/Titanium Studio Workspace/social-login-app/build/android/res/drawable-notlong-port-mdpi/default_d44e27d97b.png
[DEBUG] app stylesheet => /Users/maneeshmadan/Documents/Titanium Studio Workspace/social-login-app/build/android/gen/com/socialLoginApp/ApplicationStylesheet.java
[DEBUG] copying app icon: /Users/maneeshmadan/Documents/Titanium Studio Workspace/social-login-app/build/android/bin/assets/Resources/appicon.png
[DEBUG] generating theme.xml
[DEBUG] found drawable-long-land-hdpi splash screen at /Users/maneeshmadan/Documents/Titanium Studio Workspace/social-login-app/Resources/android/images/res-long-land-hdpi/default.png
[DEBUG] copying /Users/maneeshmadan/Documents/Titanium Studio Workspace/social-login-app/Resources/android/images/res-long-land-hdpi/default.png splash screen to /Users/maneeshmadan/Documents/Titanium Studio Workspace/social-login-app/build/android/res/drawable-long-land-hdpi/background.png
[DEBUG] found drawable-long-land-ldpi splash screen at /Users/maneeshmadan/Documents/Titanium Studio Workspace/social-login-app/Resources/android/images/res-long-land-ldpi/default.png
[DEBUG] copying /Users/maneeshmadan/Documents/Titanium Studio Workspace/social-login-app/Resources/android/images/res-long-land-ldpi/default.png splash screen to /Users/maneeshmadan/Documents/Titanium Studio Workspace/social-login-app/build/android/res/drawable-long-land-ldpi/background.png
[DEBUG] found drawable-long-port-hdpi splash screen at /Users/maneeshmadan/Documents/Titanium Studio Workspace/social-login-app/Resources/android/images/res-long-port-hdpi/default.png
[DEBUG] copying /Users/maneeshmadan/Documents/Titanium Studio Workspace/social-login-app/Resources/android/images/res-long-port-hdpi/default.png splash screen to /Users/maneeshmadan/Documents/Titanium Studio Workspace/social-login-app/build/android/res/drawable-long-port-hdpi/background.png
[DEBUG] found drawable-long-port-ldpi splash screen at /Users/maneeshmadan/Documents/Titanium Studio Workspace/social-login-app/Resources/android/images/res-long-port-ldpi/default.png
[DEBUG] copying /Users/maneeshmadan/Documents/Titanium Studio Workspace/social-login-app/Resources/android/images/res-long-port-ldpi/default.png splash screen to /Users/maneeshmadan/Documents/Titanium Studio Workspace/social-login-app/build/android/res/drawable-long-port-ldpi/background.png
[DEBUG] found drawable-notlong-land-hdpi splash screen at /Users/maneeshmadan/Documents/Titanium Studio Workspace/social-login-app/Resources/android/images/res-notlong-land-hdpi/default.png
[DEBUG] copying /Users/maneeshmadan/Documents/Titanium Studio Workspace/social-login-app/Resources/android/images/res-notlong-land-hdpi/default.png splash screen to /Users/maneeshmadan/Documents/Titanium Studio Workspace/social-login-app/build/android/res/drawable-notlong-land-hdpi/background.png
[DEBUG] found drawable-notlong-land-ldpi splash screen at /Users/maneeshmadan/Documents/Titanium Studio Workspace/social-login-app/Resources/android/images/res-notlong-land-ldpi/default.png
[DEBUG] copying /Users/maneeshmadan/Documents/Titanium Studio Workspace/social-login-app/Resources/android/images/res-notlong-land-ldpi/default.png splash screen to /Users/maneeshmadan/Documents/Titanium Studio Workspace/social-login-app/build/android/res/drawable-notlong-land-ldpi/background.png
[DEBUG] found drawable-notlong-land-mdpi splash screen at /Users/maneeshmadan/Documents/Titanium Studio Workspace/social-login-app/Resources/android/images/res-notlong-land-mdpi/default.png
[DEBUG] copying /Users/maneeshmadan/Documents/Titanium Studio Workspace/social-login-app/Resources/android/images/res-notlong-land-mdpi/default.png splash screen to /Users/maneeshmadan/Documents/Titanium Studio Workspace/social-login-app/build/android/res/drawable-notlong-land-mdpi/background.png
[DEBUG] found drawable-notlong-port-hdpi splash screen at /Users/maneeshmadan/Documents/Titanium Studio Workspace/social-login-app/Resources/android/images/res-notlong-port-hdpi/default.png
[DEBUG] copying /Users/maneeshmadan/Documents/Titanium Studio Workspace/social-login-app/Resources/android/images/res-notlong-port-hdpi/default.png splash screen to /Users/maneeshmadan/Documents/Titanium Studio Workspace/social-login-app/build/android/res/drawable-notlong-port-hdpi/background.png
[DEBUG] found drawable-notlong-port-ldpi splash screen at /Users/maneeshmadan/Documents/Titanium Studio Workspace/social-login-app/Resources/android/images/res-notlong-port-ldpi/default.png
[DEBUG] copying /Users/maneeshmadan/Documents/Titanium Studio Workspace/social-login-app/Resources/android/images/res-notlong-port-ldpi/default.png splash screen to /Users/maneeshmadan/Documents/Titanium Studio Workspace/social-login-app/build/android/res/drawable-notlong-port-ldpi/background.png
[DEBUG] found drawable-notlong-port-mdpi splash screen at /Users/maneeshmadan/Documents/Titanium Studio Workspace/social-login-app/Resources/android/images/res-notlong-port-mdpi/default.png
[DEBUG] copying /Users/maneeshmadan/Documents/Titanium Studio Workspace/social-login-app/Resources/android/images/res-notlong-port-mdpi/default.png splash screen to /Users/maneeshmadan/Documents/Titanium Studio Workspace/social-login-app/build/android/res/drawable-notlong-port-mdpi/background.png
[DEBUG] found splash screen at /Users/maneeshmadan/Documents/Titanium Studio Workspace/social-login-app/build/android/bin/assets/Resources/default.png
[TRACE] Writing out AndroidManifest.xml
[DEBUG] adding /Users/maneeshmadan/Documents/Titanium Studio Workspace/social-login-app/build/android/gen/com/socialLoginApp/ApplicationStylesheet.java to javac build list
[DEBUG] adding /Users/maneeshmadan/Documents/Titanium Studio Workspace/social-login-app/build/android/gen/com/socialLoginApp/R.java to javac build list
[DEBUG] adding /Users/maneeshmadan/Documents/Titanium Studio Workspace/social-login-app/build/android/gen/com/socialLoginApp/SocialLoginAppActivity.java to javac build list
[DEBUG] adding /Users/maneeshmadan/Documents/Titanium Studio Workspace/social-login-app/build/android/gen/com/socialLoginApp/SocialLoginAppAppInfo.java to javac build list
[DEBUG] adding /Users/maneeshmadan/Documents/Titanium Studio Workspace/social-login-app/build/android/gen/com/socialLoginApp/SocialLoginAppApplication.java to javac build list
[DEBUG] Building Java Sources: "/Users/maneeshmadan/Documents/Titanium Studio Workspace/social-login-app/build/android/gen/com/socialLoginApp/ApplicationStylesheet.java" "/Users/maneeshmadan/Documents/Titanium Studio Workspace/social-login-app/build/android/gen/com/socialLoginApp/R.java" "/Users/maneeshmadan/Documents/Titanium Studio Workspace/social-login-app/build/android/gen/com/socialLoginApp/SocialLoginAppActivity.java" "/Users/maneeshmadan/Documents/Titanium Studio Workspace/social-login-app/build/android/gen/com/socialLoginApp/SocialLoginAppAppInfo.java" "/Users/maneeshmadan/Documents/Titanium Studio Workspace/social-login-app/build/android/gen/com/socialLoginApp/SocialLoginAppApplication.java"
[INFO] Waiting for SDCard to become available..
[INFO] Compiling Android Resources... This could take some time
[DEBUG] Android classes.dex built
[DEBUG] creating unsigned apk: /Users/maneeshmadan/Documents/Titanium Studio Workspace/social-login-app/build/android/bin/app-unsigned.apk
[DEBUG] from resource zip => assets/Resources/common/checkWindow.js
[DEBUG] from resource zip => assets/Resources/facebook/fbWindow.js
[DEBUG] from resource zip => assets/Resources/lib/oauth.js
[DEBUG] from resource zip => assets/Resources/lib/sha1.js
[DEBUG] from resource zip => assets/Resources/lib/underscore.js
[DEBUG] from resource zip => assets/Resources/linkedin/linkedinWindow.js
[DEBUG] from resource zip => assets/Resources/twitter/twitterWindow.js
[DEBUG] from resource zip => assets/Resources/ui/spinner.js
[DEBUG] from resource zip => assets/Resources/ui/ui.js
[DEBUG] from resource zip => assets/Resources/KS_nav_ui.png
[DEBUG] from resource zip => assets/Resources/KS_nav_views.png
[DEBUG] from resource zip => assets/Resources/app.js
[DEBUG] from resource zip => assets/Resources/appicon.png
[DEBUG] from resource zip => assets/Resources/default.png
[DEBUG] from resource zip => assets/Resources/ti.cloud.js
[DEBUG] from resource zip => assets/app.json
[DEBUG] from resource zip => assets/index.json
[DEBUG] from resource zip => assets/tiapp.xml
[DEBUG] from resource zip => res/drawable/appicon.png
[DEBUG] from resource zip => res/drawable/background.png
[DEBUG] from resource zip => res/drawable/close.png
[DEBUG] from resource zip => res/drawable/facebook_login.png
[DEBUG] from resource zip => res/drawable/facebook_login_down.png
[DEBUG] from resource zip => res/drawable/facebook_login_wide.png
[DEBUG] from resource zip => res/drawable/facebook_login_wide_down.png
[DEBUG] from resource zip => res/drawable/facebook_logout.png
[DEBUG] from resource zip => res/drawable/facebook_logout_down.png
[DEBUG] from resource zip => res/layout/titanium_tabgroup.xml
[DEBUG] from resource zip => AndroidManifest.xml
[DEBUG] from resource zip => resources.arsc
[DEBUG] from resource zip => res/drawable-hdpi/close.png
[DEBUG] from resource zip => res/drawable-ldpi/close.png
[DEBUG] from resource zip => res/drawable-long-land-hdpi/background.png
[DEBUG] from resource zip => res/drawable-long-land-hdpi/default_d44e27d97b.png
[DEBUG] from resource zip => res/drawable-long-land-ldpi/background.png
[DEBUG] from resource zip => res/drawable-long-land-ldpi/default_d44e27d97b.png
[DEBUG] from resource zip => res/drawable-long-port-hdpi/background.png
[DEBUG] from resource zip => res/drawable-long-port-hdpi/default_d44e27d97b.png
[DEBUG] from resource zip => res/drawable-long-port-ldpi/background.png
[DEBUG] from resource zip => res/drawable-long-port-ldpi/default_d44e27d97b.png
[DEBUG] from resource zip => res/drawable-notlong-land-hdpi/background.png
[DEBUG] from resource zip => res/drawable-notlong-land-hdpi/default_d44e27d97b.png
[DEBUG] from resource zip => res/drawable-notlong-land-ldpi/background.png
[DEBUG] from resource zip => res/drawable-notlong-land-ldpi/default_d44e27d97b.png
[DEBUG] from resource zip => res/drawable-notlong-land-mdpi/background.png
[DEBUG] from resource zip => res/drawable-notlong-land-mdpi/default_d44e27d97b.png
[DEBUG] from resource zip => res/drawable-notlong-port-hdpi/background.png
[DEBUG] from resource zip => res/drawable-notlong-port-hdpi/default_d44e27d97b.png
[DEBUG] from resource zip => res/drawable-notlong-port-ldpi/background.png
[DEBUG] from resource zip => res/drawable-notlong-port-ldpi/default_d44e27d97b.png
[DEBUG] from resource zip => res/drawable-notlong-port-mdpi/background.png
[DEBUG] from resource zip => res/drawable-notlong-port-mdpi/default_d44e27d97b.png
[DEBUG] from JAR /Users/maneeshmadan/Library/Application Support/Titanium/mobilesdk/osx/2.0.2.GA/android/modules/titanium-ui.jar => ti/modules/titanium/ui/widget/webview/binding.js
[DEBUG] from JAR /Users/maneeshmadan/Library/Application Support/Titanium/mobilesdk/osx/2.0.2.GA/android/modules/titanium-ui.jar => ti/modules/titanium/ui/widget/webview/binding.min.js
[DEBUG] from JAR /Users/maneeshmadan/Library/Application Support/Titanium/mobilesdk/osx/2.0.2.GA/android/modules/titanium-ui.jar => ti/modules/titanium/ui/widget/webview/json2.js
[DEBUG] from JAR /Users/maneeshmadan/Library/Application Support/Titanium/mobilesdk/osx/2.0.2.GA/android/titanium.jar => org/appcelerator/titanium/build.properties
[DEBUG] from JAR /Users/maneeshmadan/Library/Application Support/Titanium/mobilesdk/osx/2.0.2.GA/android/titanium.jar => org/appcelerator/titanium/res/drawable/background.png
[DEBUG] from JAR /Users/maneeshmadan/Library/Application Support/Titanium/mobilesdk/osx/2.0.2.GA/android/titanium.jar => org/appcelerator/titanium/res/drawable/btn_check_buttonless_on.png
[DEBUG] from JAR /Users/maneeshmadan/Library/Application Support/Titanium/mobilesdk/osx/2.0.2.GA/android/titanium.jar => org/appcelerator/titanium/res/drawable/btn_check_buttonless_on_18.png
[DEBUG] from JAR /Users/maneeshmadan/Library/Application Support/Titanium/mobilesdk/osx/2.0.2.GA/android/titanium.jar => org/appcelerator/titanium/res/drawable/btn_check_buttonless_on_48.png
[DEBUG] from JAR /Users/maneeshmadan/Library/Application Support/Titanium/mobilesdk/osx/2.0.2.GA/android/titanium.jar => org/appcelerator/titanium/res/drawable/btn_more.png
[DEBUG] from JAR /Users/maneeshmadan/Library/Application Support/Titanium/mobilesdk/osx/2.0.2.GA/android/titanium.jar => org/appcelerator/titanium/res/drawable/btn_more_18.png
[DEBUG] from JAR /Users/maneeshmadan/Library/Application Support/Titanium/mobilesdk/osx/2.0.2.GA/android/titanium.jar => org/appcelerator/titanium/res/drawable/btn_more_48.png
[DEBUG] from JAR /Users/maneeshmadan/Library/Application Support/Titanium/mobilesdk/osx/2.0.2.GA/android/titanium.jar => org/appcelerator/titanium/res/drawable/btn_picker_normal.9.png
[DEBUG] from JAR /Users/maneeshmadan/Library/Application Support/Titanium/mobilesdk/osx/2.0.2.GA/android/titanium.jar => org/appcelerator/titanium/res/drawable/btn_picker_pressed.9.png
[DEBUG] from JAR /Users/maneeshmadan/Library/Application Support/Titanium/mobilesdk/osx/2.0.2.GA/android/titanium.jar => org/appcelerator/titanium/res/drawable/btn_picker_selected.9.png
[DEBUG] from JAR /Users/maneeshmadan/Library/Application Support/Titanium/mobilesdk/osx/2.0.2.GA/android/titanium.jar => org/appcelerator/titanium/res/drawable/default_icon.png
[DEBUG] from JAR /Users/maneeshmadan/Library/Application Support/Titanium/mobilesdk/osx/2.0.2.GA/android/titanium.jar => org/appcelerator/titanium/res/drawable/photoDefault.png
[DEBUG] from JAR /Users/maneeshmadan/Library/Application Support/Titanium/mobilesdk/osx/2.0.2.GA/android/thirdparty.jar => org/apache/Commons-NOTICE.txt
[DEBUG] from JAR /Users/maneeshmadan/Library/Application Support/Titanium/mobilesdk/osx/2.0.2.GA/android/thirdparty.jar => org/apache/HttpComponents-NOTICE.txt
[DEBUG] from JAR /Users/maneeshmadan/Library/Application Support/Titanium/mobilesdk/osx/2.0.2.GA/android/thirdparty.jar => org/apache/mime4j-NOTICE.txt
[DEBUG] from JAR /Users/maneeshmadan/Library/Application Support/Titanium/mobilesdk/osx/2.0.2.GA/android/modules/titanium-facebook.jar => ti/modules/titanium/facebook/LICENSE
[DEBUG] installing native SDK libs
[DEBUG] Waiting for device to be ready ...
[TRACE] adb devices returned 1 devices/emulators
[DEBUG] Device connected... (waited 0 seconds)
[DEBUG] waited 0.016068 seconds on emulator to get ready
[INFO] Installing application on emulator
[INFO] Launching application ... social-login-app
[TRACE] Launch output: Starting: Intent { act=android.intent.action.MAIN cat=[android.intent.category.LAUNCHER] cmp=com.socialLoginApp/.SocialLoginAppActivity }

[INFO] Deployed social-login-app ... Application should be running.
[INFO] Android Emulator has exited
